<?xml version="1.0" encoding="UTF-8"?>
<testng-results skipped="0" failed="1" total="7" passed="6">
  <reporter-output>
  </reporter-output>
  <suite name="SupplierSuite" duration-ms="542083" started-at="2018-06-12T07:51:18Z" finished-at="2018-06-12T08:00:20Z">
    <groups>
    </groups>
    <test name="SupplierTest1" duration-ms="68158" started-at="2018-06-12T07:51:18Z" finished-at="2018-06-12T07:52:26Z">
      <class name="Search_MyAdmin.Search_Prepay">
        <test-method status="PASS" signature="SearchPrepay(java.lang.String)[pri:0, instance:Search_MyAdmin.Search_Prepay@3d921e20]" name="SearchPrepay" duration-ms="65589" started-at="2018-06-12T13:21:18Z" finished-at="2018-06-12T13:22:24Z">
          <params>
            <param index="0">
              <value>
                <![CDATA[CH]]>
              </value>
            </param>
          </params>
          <reporter-output>
          </reporter-output>
        </test-method> <!-- SearchPrepay -->
        <test-method status="PASS" signature="getResult(org.testng.ITestResult)[pri:0, instance:Search_MyAdmin.Search_Prepay@3d921e20]" name="getResult" is-config="true" duration-ms="3" started-at="2018-06-12T13:22:24Z" finished-at="2018-06-12T13:22:24Z">
          <params>
            <param index="0">
              <value>
                <![CDATA[[TestResult name=SearchPrepay status=SUCCESS method=Search_Prepay.SearchPrepay(java.lang.String)[pri:0, instance:Search_MyAdmin.Search_Prepay@3d921e20] output={null}]]]>
              </value>
            </param>
          </params>
          <reporter-output>
          </reporter-output>
        </test-method> <!-- getResult -->
        <test-method status="PASS" signature="afterTest()[pri:0, instance:Search_MyAdmin.Search_Prepay@3d921e20]" name="afterTest" is-config="true" duration-ms="2555" started-at="2018-06-12T13:22:24Z" finished-at="2018-06-12T13:22:26Z">
          <reporter-output>
          </reporter-output>
        </test-method> <!-- afterTest -->
      </class> <!-- Search_MyAdmin.Search_Prepay -->
    </test> <!-- SupplierTest1 -->
    <test name="SupplierTest2" duration-ms="66808" started-at="2018-06-12T07:52:26Z" finished-at="2018-06-12T07:53:33Z">
      <class name="Search_MyAdmin.Search_Credit">
        <test-method status="PASS" signature="SearchCredit(java.lang.String)[pri:0, instance:Search_MyAdmin.Search_Credit@46daef40]" name="SearchCredit" duration-ms="64410" started-at="2018-06-12T13:22:26Z" finished-at="2018-06-12T13:23:31Z">
          <params>
            <param index="0">
              <value>
                <![CDATA[CH]]>
              </value>
            </param>
          </params>
          <reporter-output>
          </reporter-output>
        </test-method> <!-- SearchCredit -->
        <test-method status="PASS" signature="afterTest()[pri:0, instance:Search_MyAdmin.Search_Credit@46daef40]" name="afterTest" is-config="true" duration-ms="2396" started-at="2018-06-12T13:23:31Z" finished-at="2018-06-12T13:23:33Z">
          <reporter-output>
          </reporter-output>
        </test-method> <!-- afterTest -->
        <test-method status="PASS" signature="getResult(org.testng.ITestResult)[pri:0, instance:Search_MyAdmin.Search_Credit@46daef40]" name="getResult" is-config="true" duration-ms="0" started-at="2018-06-12T13:23:31Z" finished-at="2018-06-12T13:23:31Z">
          <params>
            <param index="0">
              <value>
                <![CDATA[[TestResult name=SearchCredit status=SUCCESS method=Search_Credit.SearchCredit(java.lang.String)[pri:0, instance:Search_MyAdmin.Search_Credit@46daef40] output={null}]]]>
              </value>
            </param>
          </params>
          <reporter-output>
          </reporter-output>
        </test-method> <!-- getResult -->
      </class> <!-- Search_MyAdmin.Search_Credit -->
    </test> <!-- SupplierTest2 -->
    <test name="SupplierTest3" duration-ms="68654" started-at="2018-06-12T07:53:33Z" finished-at="2018-06-12T07:54:42Z">
      <class name="Search_MyAdmin.Search_Credit_Card">
        <test-method status="PASS" signature="SearchCreditCard(java.lang.String)[pri:0, instance:Search_MyAdmin.Search_Credit_Card@1e7c7811]" name="SearchCreditCard" duration-ms="66284" started-at="2018-06-12T13:23:33Z" finished-at="2018-06-12T13:24:40Z">
          <params>
            <param index="0">
              <value>
                <![CDATA[CH]]>
              </value>
            </param>
          </params>
          <reporter-output>
          </reporter-output>
        </test-method> <!-- SearchCreditCard -->
        <test-method status="PASS" signature="afterTest()[pri:0, instance:Search_MyAdmin.Search_Credit_Card@1e7c7811]" name="afterTest" is-config="true" duration-ms="2367" started-at="2018-06-12T13:24:40Z" finished-at="2018-06-12T13:24:42Z">
          <reporter-output>
          </reporter-output>
        </test-method> <!-- afterTest -->
        <test-method status="PASS" signature="getResult(org.testng.ITestResult)[pri:0, instance:Search_MyAdmin.Search_Credit_Card@1e7c7811]" name="getResult" is-config="true" duration-ms="0" started-at="2018-06-12T13:24:40Z" finished-at="2018-06-12T13:24:40Z">
          <params>
            <param index="0">
              <value>
                <![CDATA[[TestResult name=SearchCreditCard status=SUCCESS method=Search_Credit_Card.SearchCreditCard(java.lang.String)[pri:0, instance:Search_MyAdmin.Search_Credit_Card@1e7c7811] output={null}]]]>
              </value>
            </param>
          </params>
          <reporter-output>
          </reporter-output>
        </test-method> <!-- getResult -->
      </class> <!-- Search_MyAdmin.Search_Credit_Card -->
    </test> <!-- SupplierTest3 -->
    <test name="SupplierTest4" duration-ms="77499" started-at="2018-06-12T07:54:42Z" finished-at="2018-06-12T07:56:00Z">
      <class name="Search_MyAdmin.Search_Prepay_Within_Deadline">
        <test-method status="PASS" signature="SearchPrepayWithinDeadline(java.lang.String)[pri:0, instance:Search_MyAdmin.Search_Prepay_Within_Deadline@4d3167f4]" name="SearchPrepayWithinDeadline" duration-ms="75146" started-at="2018-06-12T13:24:42Z" finished-at="2018-06-12T13:25:57Z">
          <params>
            <param index="0">
              <value>
                <![CDATA[CH]]>
              </value>
            </param>
          </params>
          <reporter-output>
          </reporter-output>
        </test-method> <!-- SearchPrepayWithinDeadline -->
        <test-method status="PASS" signature="getResult(org.testng.ITestResult)[pri:0, instance:Search_MyAdmin.Search_Prepay_Within_Deadline@4d3167f4]" name="getResult" is-config="true" duration-ms="0" started-at="2018-06-12T13:25:57Z" finished-at="2018-06-12T13:25:57Z">
          <params>
            <param index="0">
              <value>
                <![CDATA[[TestResult name=SearchPrepayWithinDeadline status=SUCCESS method=Search_Prepay_Within_Deadline.SearchPrepayWithinDeadline(java.lang.String)[pri:0, instance:Search_MyAdmin.Search_Prepay_Within_Deadline@4d3167f4] output={null}]]]>
              </value>
            </param>
          </params>
          <reporter-output>
          </reporter-output>
        </test-method> <!-- getResult -->
        <test-method status="PASS" signature="afterTest()[pri:0, instance:Search_MyAdmin.Search_Prepay_Within_Deadline@4d3167f4]" name="afterTest" is-config="true" duration-ms="2352" started-at="2018-06-12T13:25:57Z" finished-at="2018-06-12T13:26:00Z">
          <reporter-output>
          </reporter-output>
        </test-method> <!-- afterTest -->
      </class> <!-- Search_MyAdmin.Search_Prepay_Within_Deadline -->
    </test> <!-- SupplierTest4 -->
    <test name="SupplierTest5" duration-ms="73551" started-at="2018-06-12T07:56:00Z" finished-at="2018-06-12T07:57:13Z">
      <class name="Search_MyAdmin.Search_Credit_Within_Deadline">
        <test-method status="PASS" signature="SearchCreditWithinDeadline(java.lang.String)[pri:0, instance:Search_MyAdmin.Search_Credit_Within_Deadline@612679d6]" name="SearchCreditWithinDeadline" duration-ms="71188" started-at="2018-06-12T13:26:00Z" finished-at="2018-06-12T13:27:11Z">
          <params>
            <param index="0">
              <value>
                <![CDATA[CH]]>
              </value>
            </param>
          </params>
          <reporter-output>
          </reporter-output>
        </test-method> <!-- SearchCreditWithinDeadline -->
        <test-method status="PASS" signature="afterTest()[pri:0, instance:Search_MyAdmin.Search_Credit_Within_Deadline@612679d6]" name="afterTest" is-config="true" duration-ms="2362" started-at="2018-06-12T13:27:11Z" finished-at="2018-06-12T13:27:13Z">
          <reporter-output>
          </reporter-output>
        </test-method> <!-- afterTest -->
        <test-method status="PASS" signature="getResult(org.testng.ITestResult)[pri:0, instance:Search_MyAdmin.Search_Credit_Within_Deadline@612679d6]" name="getResult" is-config="true" duration-ms="0" started-at="2018-06-12T13:27:11Z" finished-at="2018-06-12T13:27:11Z">
          <params>
            <param index="0">
              <value>
                <![CDATA[[TestResult name=SearchCreditWithinDeadline status=SUCCESS method=Search_Credit_Within_Deadline.SearchCreditWithinDeadline(java.lang.String)[pri:0, instance:Search_MyAdmin.Search_Credit_Within_Deadline@612679d6] output={null}]]]>
              </value>
            </param>
          </params>
          <reporter-output>
          </reporter-output>
        </test-method> <!-- getResult -->
      </class> <!-- Search_MyAdmin.Search_Credit_Within_Deadline -->
    </test> <!-- SupplierTest5 -->
    <test name="SupplierTest6" duration-ms="74386" started-at="2018-06-12T07:57:13Z" finished-at="2018-06-12T07:58:27Z">
      <class name="Search_MyAdmin.Search_Credit_Card_Within_Deadline">
        <test-method status="PASS" signature="SearchCreditCardWithinDeadline(java.lang.String)[pri:0, instance:Search_MyAdmin.Search_Credit_Card_Within_Deadline@69b0fd6f]" name="SearchCreditCardWithinDeadline" duration-ms="72020" started-at="2018-06-12T13:27:13Z" finished-at="2018-06-12T13:28:25Z">
          <params>
            <param index="0">
              <value>
                <![CDATA[CH]]>
              </value>
            </param>
          </params>
          <reporter-output>
          </reporter-output>
        </test-method> <!-- SearchCreditCardWithinDeadline -->
        <test-method status="PASS" signature="afterTest()[pri:0, instance:Search_MyAdmin.Search_Credit_Card_Within_Deadline@69b0fd6f]" name="afterTest" is-config="true" duration-ms="2361" started-at="2018-06-12T13:28:25Z" finished-at="2018-06-12T13:28:27Z">
          <reporter-output>
          </reporter-output>
        </test-method> <!-- afterTest -->
        <test-method status="PASS" signature="getResult(org.testng.ITestResult)[pri:0, instance:Search_MyAdmin.Search_Credit_Card_Within_Deadline@69b0fd6f]" name="getResult" is-config="true" duration-ms="0" started-at="2018-06-12T13:28:25Z" finished-at="2018-06-12T13:28:25Z">
          <params>
            <param index="0">
              <value>
                <![CDATA[[TestResult name=SearchCreditCardWithinDeadline status=SUCCESS method=Search_Credit_Card_Within_Deadline.SearchCreditCardWithinDeadline(java.lang.String)[pri:0, instance:Search_MyAdmin.Search_Credit_Card_Within_Deadline@69b0fd6f] output={null}]]]>
              </value>
            </param>
          </params>
          <reporter-output>
          </reporter-output>
        </test-method> <!-- getResult -->
      </class> <!-- Search_MyAdmin.Search_Credit_Card_Within_Deadline -->
    </test> <!-- SupplierTest6 -->
    <test name="SupplierTest10" duration-ms="112891" started-at="2018-06-12T07:58:28Z" finished-at="2018-06-12T08:00:20Z">
      <class name="Search_MyAdmin.Search_Two_Child">
        <test-method status="FAIL" signature="SearchTwoChild(java.lang.String)[pri:0, instance:Search_MyAdmin.Search_Two_Child@6950e31]" name="SearchTwoChild" duration-ms="110514" started-at="2018-06-12T13:28:28Z" finished-at="2018-06-12T13:30:18Z">
          <params>
            <param index="0">
              <value>
                <![CDATA[CH]]>
              </value>
            </param>
          </params>
          <exception class="java.lang.AssertionError">
            <message>
              <![CDATA[Timed out after 50 seconds waiting for visibility of element located by By.xpath: //*[@id='searchResults']/div[3]/h4
Build info: version: '2.53.0', revision: '35ae25b1534ae328c771e0856c93e187490ca824', time: '2016-03-15 10:43:46'
System info: host: 'PC350015', ip: '172.18.21.21', os.name: 'Windows 10', os.arch: 'amd64', os.version: '10.0', java.version: '1.8.0_131'
Driver info: org.openqa.selenium.chrome.ChromeDriver
Capabilities [{applicationCacheEnabled=false, rotatable=false, mobileEmulationEnabled=false, networkConnectionEnabled=false, chrome={chromedriverVersion=2.35.528161 (5b82f2d2aae0ca24b877009200ced9065a772e73), userDataDir=C:\Users\479739\AppData\Local\Temp\scoped_dir29472_28316}, takesHeapSnapshot=true, pageLoadStrategy=normal, databaseEnabled=false, handlesAlerts=true, hasTouchScreen=false, version=62.0.3202.62, platform=XP, browserConnectionEnabled=false, nativeEvents=true, acceptSslCerts=false, acceptInsecureCerts=false, locationContextEnabled=true, webStorageEnabled=true, browserName=chrome, takesScreenshot=true, javascriptEnabled=true, cssSelectorsEnabled=true, setWindowRect=true, unexpectedAlertBehaviour=}]
Session ID: 8dd2a5d94ffeb7ce844cb53df372d7af expected [true] but found [false]]]>
            </message>
            <full-stacktrace>
              <![CDATA[java.lang.AssertionError: Timed out after 50 seconds waiting for visibility of element located by By.xpath: //*[@id='searchResults']/div[3]/h4
Build info: version: '2.53.0', revision: '35ae25b1534ae328c771e0856c93e187490ca824', time: '2016-03-15 10:43:46'
System info: host: 'PC350015', ip: '172.18.21.21', os.name: 'Windows 10', os.arch: 'amd64', os.version: '10.0', java.version: '1.8.0_131'
Driver info: org.openqa.selenium.chrome.ChromeDriver
Capabilities [{applicationCacheEnabled=false, rotatable=false, mobileEmulationEnabled=false, networkConnectionEnabled=false, chrome={chromedriverVersion=2.35.528161 (5b82f2d2aae0ca24b877009200ced9065a772e73), userDataDir=C:\Users\479739\AppData\Local\Temp\scoped_dir29472_28316}, takesHeapSnapshot=true, pageLoadStrategy=normal, databaseEnabled=false, handlesAlerts=true, hasTouchScreen=false, version=62.0.3202.62, platform=XP, browserConnectionEnabled=false, nativeEvents=true, acceptSslCerts=false, acceptInsecureCerts=false, locationContextEnabled=true, webStorageEnabled=true, browserName=chrome, takesScreenshot=true, javascriptEnabled=true, cssSelectorsEnabled=true, setWindowRect=true, unexpectedAlertBehaviour=}]
Session ID: 8dd2a5d94ffeb7ce844cb53df372d7af expected [true] but found [false]
	at org.testng.Assert.fail(Assert.java:94)
	at org.testng.Assert.failNotEquals(Assert.java:494)
	at org.testng.Assert.assertTrue(Assert.java:42)
	at Search_MyAdmin.Search_Two_Child.SearchTwoChild(Search_Two_Child.java:233)
	at sun.reflect.NativeMethodAccessorImpl.invoke0(Native Method)
	at sun.reflect.NativeMethodAccessorImpl.invoke(NativeMethodAccessorImpl.java:62)
	at sun.reflect.DelegatingMethodAccessorImpl.invoke(DelegatingMethodAccessorImpl.java:43)
	at java.lang.reflect.Method.invoke(Method.java:498)
	at org.testng.internal.MethodInvocationHelper.invokeMethod(MethodInvocationHelper.java:80)
	at org.testng.internal.Invoker.invokeMethod(Invoker.java:714)
	at org.testng.internal.Invoker.invokeTestMethod(Invoker.java:901)
	at org.testng.internal.Invoker.invokeTestMethods(Invoker.java:1231)
	at org.testng.internal.TestMethodWorker.invokeTestMethods(TestMethodWorker.java:127)
	at org.testng.internal.TestMethodWorker.run(TestMethodWorker.java:111)
	at org.testng.TestRunner.privateRun(TestRunner.java:767)
	at org.testng.TestRunner.run(TestRunner.java:617)
	at org.testng.SuiteRunner.runTest(SuiteRunner.java:334)
	at org.testng.SuiteRunner.runSequentially(SuiteRunner.java:329)
	at org.testng.SuiteRunner.privateRun(SuiteRunner.java:291)
	at org.testng.SuiteRunner.run(SuiteRunner.java:240)
	at org.testng.SuiteRunnerWorker.runSuite(SuiteRunnerWorker.java:52)
	at org.testng.SuiteRunnerWorker.run(SuiteRunnerWorker.java:86)
	at org.testng.TestNG.runSuitesSequentially(TestNG.java:1198)
	at org.testng.TestNG.runSuitesLocally(TestNG.java:1123)
	at org.testng.TestNG.run(TestNG.java:1031)
	at org.testng.remote.AbstractRemoteTestNG.run(AbstractRemoteTestNG.java:132)
	at org.testng.remote.RemoteTestNG.initAndRun(RemoteTestNG.java:230)
	at org.testng.remote.RemoteTestNG.main(RemoteTestNG.java:76)
]]>
            </full-stacktrace>
          </exception> <!-- java.lang.AssertionError -->
          <reporter-output>
          </reporter-output>
        </test-method> <!-- SearchTwoChild -->
        <test-method status="PASS" signature="getResult(org.testng.ITestResult)[pri:0, instance:Search_MyAdmin.Search_Two_Child@6950e31]" name="getResult" is-config="true" duration-ms="2" started-at="2018-06-12T13:30:18Z" finished-at="2018-06-12T13:30:18Z">
          <params>
            <param index="0">
              <value>
                <![CDATA[[TestResult name=SearchTwoChild status=FAILURE method=Search_Two_Child.SearchTwoChild(java.lang.String)[pri:0, instance:Search_MyAdmin.Search_Two_Child@6950e31] output={null}]]]>
              </value>
            </param>
          </params>
          <reporter-output>
          </reporter-output>
        </test-method> <!-- getResult -->
        <test-method status="PASS" signature="afterTest()[pri:0, instance:Search_MyAdmin.Search_Two_Child@6950e31]" name="afterTest" is-config="true" duration-ms="2372" started-at="2018-06-12T13:30:18Z" finished-at="2018-06-12T13:30:20Z">
          <reporter-output>
          </reporter-output>
        </test-method> <!-- afterTest -->
      </class> <!-- Search_MyAdmin.Search_Two_Child -->
    </test> <!-- SupplierTest10 -->
  </suite> <!-- SupplierSuite -->
</testng-results>
